<?xml version="1.0" encoding="UTF-8"?>
<coverage generated="1666177218317" clover="3.2.0">
  <project timestamp="1666177218317" name="All files">
    <metrics statements="38" coveredstatements="36" conditionals="10" coveredconditionals="10" methods="11" coveredmethods="9" elements="59" coveredelements="55" complexity="0" loc="38" ncloc="38" packages="1" files="3" classes="3"/>
    <file name="index.ts" path="/home/koenvanderels/code/personal/guts/src/index.ts">
      <metrics statements="7" coveredstatements="5" conditionals="0" coveredconditionals="0" methods="2" coveredmethods="0"/>
      <line num="5" count="2" type="stmt"/>
      <line num="7" count="2" type="stmt"/>
      <line num="8" count="2" type="stmt"/>
      <line num="10" count="2" type="stmt"/>
      <line num="11" count="0" type="stmt"/>
      <line num="14" count="2" type="stmt"/>
      <line num="15" count="0" type="stmt"/>
    </file>
    <file name="numbersToText.ts" path="/home/koenvanderels/code/personal/guts/src/numbersToText.ts">
      <metrics statements="15" coveredstatements="15" conditionals="6" coveredconditionals="6" methods="3" coveredmethods="3"/>
      <line num="17" count="4" type="stmt"/>
      <line num="18" count="4" type="stmt"/>
      <line num="20" count="4" type="stmt"/>
      <line num="21" count="23" type="cond" truecount="2" falsecount="0"/>
      <line num="22" count="1" type="stmt"/>
      <line num="23" count="1" type="stmt"/>
      <line num="26" count="22" type="stmt"/>
      <line num="27" count="22" type="cond" truecount="2" falsecount="0"/>
      <line num="30" count="22" type="stmt"/>
      <line num="31" count="22" type="stmt"/>
      <line num="34" count="22" type="stmt"/>
      <line num="44" count="71" type="stmt"/>
      <line num="45" count="71" type="cond" truecount="2" falsecount="0"/>
      <line num="46" count="49" type="stmt"/>
      <line num="48" count="71" type="stmt"/>
    </file>
    <file name="textToNumbers.ts" path="/home/koenvanderels/code/personal/guts/src/textToNumbers.ts">
      <metrics statements="16" coveredstatements="16" conditionals="4" coveredconditionals="4" methods="6" coveredmethods="6"/>
      <line num="4" count="4" type="stmt"/>
      <line num="5" count="4" type="stmt"/>
      <line num="7" count="4" type="stmt"/>
      <line num="9" count="22" type="stmt"/>
      <line num="11" count="22" type="cond" truecount="4" falsecount="0"/>
      <line num="12" count="1" type="stmt"/>
      <line num="14" count="21" type="stmt"/>
      <line num="25" count="4" type="stmt"/>
      <line num="26" count="4" type="stmt"/>
      <line num="27" count="40" type="stmt"/>
      <line num="28" count="112" type="stmt"/>
      <line num="31" count="4" type="stmt"/>
      <line num="35" count="112" type="stmt"/>
      <line num="36" count="112" type="stmt"/>
      <line num="37" count="232" type="stmt"/>
      <line num="39" count="112" type="stmt"/>
    </file>
  </project>
</coverage>
