{"/home/koenvanderels/code/personal/guts/src/index.ts": {"path":"/home/koenvanderels/code/personal/guts/src/index.ts","statementMap":{"0":{"start":{"line":5,"column":19},"end":{"line":5,"column":87}},"1":{"start":{"line":7,"column":12},"end":{"line":7,"column":21}},"2":{"start":{"line":8,"column":13},"end":{"line":8,"column":17}},"3":{"start":{"line":10,"column":0},"end":{"line":12,"column":3}},"4":{"start":{"line":11,"column":2},"end":{"line":11,"column":55}},"5":{"start":{"line":14,"column":0},"end":{"line":16,"column":3}},"6":{"start":{"line":15,"column":2},"end":{"line":15,"column":53}}},"fnMap":{"0":{"name":"(anonymous_0)","decl":{"start":{"line":10,"column":33},"end":{"line":10,"column":34}},"loc":{"start":{"line":10,"column":47},"end":{"line":12,"column":1}},"line":10},"1":{"name":"(anonymous_1)","decl":{"start":{"line":14,"column":28},"end":{"line":14,"column":29}},"loc":{"start":{"line":14,"column":42},"end":{"line":16,"column":1}},"line":14}},"branchMap":{},"s":{"0":2,"1":2,"2":2,"3":2,"4":0,"5":2,"6":0},"f":{"0":0,"1":0},"b":{},"_coverageSchema":"1a1c01bbd47fc00a2c39e90264f33305004495a9","hash":"ca2c050d2371c161c062ad1de30bff1fa05eef19"}
,"/home/koenvanderels/code/personal/guts/src/numbersToText.ts": {"path":"/home/koenvanderels/code/personal/guts/src/numbersToText.ts","statementMap":{"0":{"start":{"line":17,"column":23},"end":{"line":17,"column":40}},"1":{"start":{"line":18,"column":27},"end":{"line":18,"column":29}},"2":{"start":{"line":20,"column":2},"end":{"line":32,"column":3}},"3":{"start":{"line":20,"column":15},"end":{"line":20,"column":16}},"4":{"start":{"line":21,"column":4},"end":{"line":24,"column":5}},"5":{"start":{"line":22,"column":6},"end":{"line":22,"column":10}},"6":{"start":{"line":23,"column":6},"end":{"line":23,"column":15}},"7":{"start":{"line":26,"column":16},"end":{"line":26,"column":44}},"8":{"start":{"line":27,"column":4},"end":{"line":27,"column":33}},"9":{"start":{"line":30,"column":4},"end":{"line":30,"column":77}},"10":{"start":{"line":31,"column":4},"end":{"line":31,"column":15}},"11":{"start":{"line":34,"column":2},"end":{"line":34,"column":105}},"12":{"start":{"line":34,"column":53},"end":{"line":34,"column":94}},"13":{"start":{"line":44,"column":14},"end":{"line":44,"column":15}},"14":{"start":{"line":45,"column":2},"end":{"line":47,"column":3}},"15":{"start":{"line":46,"column":4},"end":{"line":46,"column":40}},"16":{"start":{"line":48,"column":2},"end":{"line":48,"column":19}}},"fnMap":{"0":{"name":"numbersToText","decl":{"start":{"line":16,"column":16},"end":{"line":16,"column":29}},"loc":{"start":{"line":16,"column":47},"end":{"line":35,"column":1}},"line":16},"1":{"name":"(anonymous_1)","decl":{"start":{"line":34,"column":18},"end":{"line":34,"column":19}},"loc":{"start":{"line":34,"column":53},"end":{"line":34,"column":94}},"line":34},"2":{"name":"isNextEqual","decl":{"start":{"line":43,"column":9},"end":{"line":43,"column":20}},"loc":{"start":{"line":43,"column":59},"end":{"line":49,"column":1}},"line":43}},"branchMap":{"0":{"loc":{"start":{"line":21,"column":4},"end":{"line":24,"column":5}},"type":"if","locations":[{"start":{"line":21,"column":4},"end":{"line":24,"column":5}},{"start":{},"end":{}}],"line":21},"1":{"loc":{"start":{"line":27,"column":12},"end":{"line":27,"column":32}},"type":"cond-expr","locations":[{"start":{"line":27,"column":24},"end":{"line":27,"column":25}},{"start":{"line":27,"column":27},"end":{"line":27,"column":32}}],"line":27},"2":{"loc":{"start":{"line":45,"column":2},"end":{"line":47,"column":3}},"type":"if","locations":[{"start":{"line":45,"column":2},"end":{"line":47,"column":3}},{"start":{},"end":{}}],"line":45}},"s":{"0":4,"1":4,"2":4,"3":4,"4":23,"5":1,"6":1,"7":22,"8":22,"9":22,"10":22,"11":4,"12":22,"13":71,"14":71,"15":49,"16":71},"f":{"0":4,"1":22,"2":71},"b":{"0":[1,22],"1":[4,18],"2":[49,22]},"_coverageSchema":"1a1c01bbd47fc00a2c39e90264f33305004495a9","hash":"0d211f6eb9d0d1bec44ae3ae77c6046b237cdf83"}
,"/home/koenvanderels/code/personal/guts/src/textToNumbers.ts": {"path":"/home/koenvanderels/code/personal/guts/src/textToNumbers.ts","statementMap":{"0":{"start":{"line":4,"column":20},"end":{"line":4,"column":34}},"1":{"start":{"line":5,"column":22},"end":{"line":5,"column":37}},"2":{"start":{"line":7,"column":2},"end":{"line":16,"column":14}},"3":{"start":{"line":9,"column":22},"end":{"line":9,"column":39}},"4":{"start":{"line":11,"column":6},"end":{"line":13,"column":7}},"5":{"start":{"line":12,"column":8},"end":{"line":12,"column":29}},"6":{"start":{"line":14,"column":6},"end":{"line":14,"column":21}},"7":{"start":{"line":25,"column":41},"end":{"line":25,"column":43}},"8":{"start":{"line":26,"column":2},"end":{"line":30,"column":5}},"9":{"start":{"line":27,"column":4},"end":{"line":29,"column":7}},"10":{"start":{"line":28,"column":6},"end":{"line":28,"column":61}},"11":{"start":{"line":31,"column":2},"end":{"line":31,"column":16}},"12":{"start":{"line":35,"column":15},"end":{"line":35,"column":17}},"13":{"start":{"line":36,"column":2},"end":{"line":38,"column":3}},"14":{"start":{"line":36,"column":15},"end":{"line":36,"column":16}},"15":{"start":{"line":37,"column":4},"end":{"line":37,"column":32}},"16":{"start":{"line":39,"column":2},"end":{"line":39,"column":16}}},"fnMap":{"0":{"name":"textToNumbers","decl":{"start":{"line":3,"column":16},"end":{"line":3,"column":29}},"loc":{"start":{"line":3,"column":52},"end":{"line":17,"column":1}},"line":3},"1":{"name":"(anonymous_1)","decl":{"start":{"line":8,"column":9},"end":{"line":8,"column":10}},"loc":{"start":{"line":8,"column":26},"end":{"line":15,"column":5}},"line":8},"2":{"name":"reverseMap","decl":{"start":{"line":24,"column":9},"end":{"line":24,"column":19}},"loc":{"start":{"line":24,"column":35},"end":{"line":32,"column":1}},"line":24},"3":{"name":"(anonymous_3)","decl":{"start":{"line":26,"column":14},"end":{"line":26,"column":15}},"loc":{"start":{"line":26,"column":32},"end":{"line":30,"column":3}},"line":26},"4":{"name":"(anonymous_4)","decl":{"start":{"line":27,"column":28},"end":{"line":27,"column":29}},"loc":{"start":{"line":27,"column":55},"end":{"line":29,"column":5}},"line":27},"5":{"name":"duplicateNumber","decl":{"start":{"line":34,"column":9},"end":{"line":34,"column":24}},"loc":{"start":{"line":34,"column":65},"end":{"line":40,"column":1}},"line":34}},"branchMap":{"0":{"loc":{"start":{"line":11,"column":6},"end":{"line":13,"column":7}},"type":"if","locations":[{"start":{"line":11,"column":6},"end":{"line":13,"column":7}},{"start":{},"end":{}}],"line":11},"1":{"loc":{"start":{"line":11,"column":10},"end":{"line":11,"column":97}},"type":"binary-expr","locations":[{"start":{"line":11,"column":10},"end":{"line":11,"column":28}},{"start":{"line":11,"column":32},"end":{"line":11,"column":97}}],"line":11}},"s":{"0":4,"1":4,"2":4,"3":22,"4":22,"5":1,"6":21,"7":4,"8":4,"9":40,"10":112,"11":4,"12":112,"13":112,"14":112,"15":232,"16":112},"f":{"0":4,"1":22,"2":4,"3":40,"4":112,"5":112},"b":{"0":[1,21],"1":[22,10]},"_coverageSchema":"1a1c01bbd47fc00a2c39e90264f33305004495a9","hash":"d132642b2c80c762f9581e4a881b5bf93150a57f"}
}
