TN:
SF:src/index.ts
FN:10,(anonymous_0)
FN:14,(anonymous_1)
FNF:2
FNH:0
FNDA:0,(anonymous_0)
FNDA:0,(anonymous_1)
DA:5,2
DA:7,2
DA:8,2
DA:10,2
DA:11,0
DA:14,2
DA:15,0
LF:7
LH:5
BRF:0
BRH:0
end_of_record
TN:
SF:src/numbersToText.ts
FN:16,numbersToText
FN:34,(anonymous_1)
FN:43,isNextEqual
FNF:3
FNH:3
FNDA:4,numbersToText
FNDA:22,(anonymous_1)
FNDA:71,isNextEqual
DA:17,4
DA:18,4
DA:20,4
DA:21,23
DA:22,1
DA:23,1
DA:26,22
DA:27,22
DA:30,22
DA:31,22
DA:34,22
DA:44,71
DA:45,71
DA:46,49
DA:48,71
LF:15
LH:15
BRDA:21,0,0,1
BRDA:21,0,1,22
BRDA:27,1,0,4
BRDA:27,1,1,18
BRDA:45,2,0,49
BRDA:45,2,1,22
BRF:6
BRH:6
end_of_record
TN:
SF:src/textToNumbers.ts
FN:3,textToNumbers
FN:8,(anonymous_1)
FN:24,reverseMap
FN:26,(anonymous_3)
FN:27,(anonymous_4)
FN:34,duplicateNumber
FNF:6
FNH:6
FNDA:4,textToNumbers
FNDA:22,(anonymous_1)
FNDA:4,reverseMap
FNDA:40,(anonymous_3)
FNDA:112,(anonymous_4)
FNDA:112,duplicateNumber
DA:4,4
DA:5,4
DA:7,4
DA:9,22
DA:11,22
DA:12,1
DA:14,21
DA:25,4
DA:26,4
DA:27,40
DA:28,112
DA:31,4
DA:35,112
DA:36,112
DA:37,232
DA:39,112
LF:16
LH:16
BRDA:11,0,0,1
BRDA:11,0,1,21
BRDA:11,1,0,22
BRDA:11,1,1,10
BRF:4
BRH:4
end_of_record
